[2025-09-15 19:13:11] Mentési hiba
Traceback (most recent call last):
  File "d:\nextcloud\projektek\gitrepos\Ullo_loter\database\table_editor.py", line 68, in run
    self.save_func(self.df)
  File "d:\nextcloud\projektek\gitrepos\Ullo_loter\database\pandas_db.py", line 163, in save_db
    _atomic_write_excel(DB_FILE, df_to_save)
  File "d:\nextcloud\projektek\gitrepos\Ullo_loter\database\pandas_db.py", line 91, in _atomic_write_excel
    raise last_exc
  File "d:\nextcloud\projektek\gitrepos\Ullo_loter\database\pandas_db.py", line 76, in _atomic_write_excel
    os.replace(tmp_path, path)  # atomic on same filesystem
    ^^^^^^^^^^^^^^^^^^^^^^^^^^
PermissionError: [WinError 5] Access is denied: 'D:\\nextcloud\\projektek\\gitrepos\\Ullo_loter\\database\\userDB.xlsx.jv_oz4o0.tmp.xlsx' -> 'database\\userDB.xlsx'


[2025-09-15 20:54:32] Keresési cache építési hiba
Traceback (most recent call last):
  File "d:\nextcloud\projektek\gitrepos\Ullo_loter\database\table_editor.py", line 317, in _rebuild_search_blob
    self._search_blob = tmp.fillna("").astype[str].agg(" ".join, axis=1).str.lower()
                        ~~~~~~~~~~~~~~~~~~~~~^^^^^
TypeError: 'method' object is not subscriptable


[2025-09-15 20:54:32] Keresési cache építési hiba
Traceback (most recent call last):
  File "d:\nextcloud\projektek\gitrepos\Ullo_loter\database\table_editor.py", line 317, in _rebuild_search_blob
    self._search_blob = tmp.fillna("").astype[str].agg(" ".join, axis=1).str.lower()
                        ~~~~~~~~~~~~~~~~~~~~~^^^^^
TypeError: 'method' object is not subscriptable


[2025-09-15 20:55:37] Keresési cache építési hiba
Traceback (most recent call last):
  File "d:\nextcloud\projektek\gitrepos\Ullo_loter\database\table_editor.py", line 317, in _rebuild_search_blob
    self._search_blob = tmp.fillna("").astype[str].agg(" ".join, axis=1).str.lower()
                        ~~~~~~~~~~~~~~~~~~~~~^^^^^
TypeError: 'method' object is not subscriptable


[2025-09-15 20:55:37] Keresési cache építési hiba
Traceback (most recent call last):
  File "d:\nextcloud\projektek\gitrepos\Ullo_loter\database\table_editor.py", line 317, in _rebuild_search_blob
    self._search_blob = tmp.fillna("").astype[str].agg(" ".join, axis=1).str.lower()
                        ~~~~~~~~~~~~~~~~~~~~~^^^^^
TypeError: 'method' object is not subscriptable


[2025-09-16 12:46:08] Verseny_ID filter mismatch
selected_vid='VID_00003', row=0, row_vid='VID_00001'

[2025-09-16 12:46:08] Verseny_ID filter mismatch
selected_vid='VID_00003', row=1, row_vid='VID_00001'

[2025-09-16 12:46:08] Verseny_ID filter mismatch
selected_vid='VID_00003', row=2, row_vid='VID_00001'

[2025-09-16 12:46:08] Verseny_ID filter mismatch
selected_vid='VID_00003', row=3, row_vid='VID_00001'

[2025-09-16 12:46:08] Verseny_ID filter mismatch
selected_vid='VID_00003', row=4, row_vid='VID_00001'

[2025-09-16 12:46:15] Verseny_ID filter mismatch
selected_vid='VID_00003', row=5, row_vid=''

[2025-09-16 12:46:15] Verseny_ID filter mismatch
selected_vid='VID_00003', row=5, row_vid=''

[2025-09-16 12:46:15] Verseny_ID filter mismatch
selected_vid='VID_00003', row=5, row_vid=''

[2025-09-16 12:46:15] Verseny_ID filter mismatch
selected_vid='VID_00003', row=5, row_vid=''

[2025-09-16 12:46:15] Verseny_ID filter mismatch
selected_vid='VID_00003', row=5, row_vid=''

[2025-09-16 12:46:15] Verseny_ID filter mismatch
selected_vid='VID_00003', row=5, row_vid=''

[2025-09-16 12:46:15] Verseny_ID filter mismatch
selected_vid='VID_00003', row=5, row_vid=''

[2025-09-16 12:46:15] Verseny_ID filter mismatch
selected_vid='VID_00003', row=5, row_vid=''

[2025-09-16 12:46:17] Verseny_ID filter mismatch
selected_vid='VID_00002', row=5, row_vid='VID_00003'

[2025-09-16 12:46:17] Verseny_ID filter mismatch
selected_vid='VID_00002', row=0, row_vid='VID_00001'

[2025-09-16 12:46:17] Verseny_ID filter mismatch
selected_vid='VID_00002', row=1, row_vid='VID_00001'

[2025-09-16 12:46:17] Verseny_ID filter mismatch
selected_vid='VID_00002', row=2, row_vid='VID_00001'

[2025-09-16 12:46:17] Verseny_ID filter mismatch
selected_vid='VID_00002', row=3, row_vid='VID_00001'

[2025-09-16 12:46:17] Verseny_ID filter mismatch
selected_vid='VID_00002', row=4, row_vid='VID_00001'

[2025-09-16 12:46:18] Verseny_ID filter mismatch
selected_vid='VID_00001', row=5, row_vid='VID_00003'

[2025-09-16 12:46:20] Verseny_ID filter mismatch
selected_vid='VID_00003', row=0, row_vid='VID_00001'

[2025-09-16 12:46:20] Verseny_ID filter mismatch
selected_vid='VID_00003', row=1, row_vid='VID_00001'

[2025-09-16 12:46:20] Verseny_ID filter mismatch
selected_vid='VID_00003', row=2, row_vid='VID_00001'

[2025-09-16 12:46:20] Verseny_ID filter mismatch
selected_vid='VID_00003', row=3, row_vid='VID_00001'

[2025-09-16 12:46:20] Verseny_ID filter mismatch
selected_vid='VID_00003', row=4, row_vid='VID_00001'

[2025-09-16 16:08:19] Verseny_ID filter mismatch
selected_vid='VID_00001', row=5, row_vid='VID_00003'

[2025-09-16 16:09:19] Verseny_ID filter mismatch
selected_vid='VID_00001', row=5, row_vid='VID_00003'

[2025-09-16 16:14:02] flush_and_wait hiba
Traceback (most recent call last):
  File "D:\nextcloud\projektek\gitrepos\Ullo_loter\database\table_editor.py", line 878, in flush_and_wait
    if self._save_timer.isActive():
       ^^^^^^^^^^^^^^^^
AttributeError: 'TableTab' object has no attribute '_save_timer'


[2025-09-16 16:14:02] flush_and_wait hiba
Traceback (most recent call last):
  File "D:\nextcloud\projektek\gitrepos\Ullo_loter\database\table_editor.py", line 878, in flush_and_wait
    if self._save_timer.isActive():
       ^^^^^^^^^^^^^^^^
AttributeError: 'TableTab' object has no attribute '_save_timer'


[2025-09-16 16:14:02] flush_and_wait hiba
Traceback (most recent call last):
  File "D:\nextcloud\projektek\gitrepos\Ullo_loter\database\table_editor.py", line 878, in flush_and_wait
    if self._save_timer.isActive():
       ^^^^^^^^^^^^^^^^
AttributeError: 'TableTab' object has no attribute '_save_timer'


[2025-09-16 16:14:09] flush_and_wait hiba
Traceback (most recent call last):
  File "d:\nextcloud\projektek\gitrepos\Ullo_loter\database\table_editor.py", line 878, in flush_and_wait
    if self._save_timer.isActive():
       ^^^^^^^^^^^^^^^^
AttributeError: 'TableTab' object has no attribute '_save_timer'


[2025-09-16 16:14:09] flush_and_wait hiba
Traceback (most recent call last):
  File "d:\nextcloud\projektek\gitrepos\Ullo_loter\database\table_editor.py", line 878, in flush_and_wait
    if self._save_timer.isActive():
       ^^^^^^^^^^^^^^^^
AttributeError: 'TableTab' object has no attribute '_save_timer'


[2025-09-16 16:14:09] flush_and_wait hiba
Traceback (most recent call last):
  File "d:\nextcloud\projektek\gitrepos\Ullo_loter\database\table_editor.py", line 878, in flush_and_wait
    if self._save_timer.isActive():
       ^^^^^^^^^^^^^^^^
AttributeError: 'TableTab' object has no attribute '_save_timer'


[2025-09-16 16:14:53] flush_and_wait hiba
Traceback (most recent call last):
  File "d:\nextcloud\projektek\gitrepos\Ullo_loter\database\table_editor.py", line 881, in flush_and_wait
    if self._save_timer.isActive():
       ^^^^^^^^^^^^^^^^
AttributeError: 'TableTab' object has no attribute '_save_timer'


[2025-09-16 16:14:53] flush_and_wait hiba
Traceback (most recent call last):
  File "d:\nextcloud\projektek\gitrepos\Ullo_loter\database\table_editor.py", line 881, in flush_and_wait
    if self._save_timer.isActive():
       ^^^^^^^^^^^^^^^^
AttributeError: 'TableTab' object has no attribute '_save_timer'


[2025-09-16 16:14:53] flush_and_wait hiba
Traceback (most recent call last):
  File "d:\nextcloud\projektek\gitrepos\Ullo_loter\database\table_editor.py", line 881, in flush_and_wait
    if self._save_timer.isActive():
       ^^^^^^^^^^^^^^^^
AttributeError: 'TableTab' object has no attribute '_save_timer'


[2025-09-16 16:17:12] Verseny_ID filter mismatch
selected_vid='VID_00001', row=5, row_vid='VID_00003'

[2025-09-16 16:22:26] Verseny_ID filter mismatch
selected_vid='VID_00001', row=5, row_vid='VID_00003'

[2025-09-16 16:24:19] Verseny_ID filter mismatch
selected_vid='VID_00001', row=5, row_vid='VID_00003'

[2025-09-16 16:24:37] Verseny_ID filter mismatch
selected_vid='VID_00001', row=5, row_vid='VID_00003'

[2025-09-16 16:28:47] Verseny_ID filter mismatch
selected_vid='VID_00001', row=5, row_vid='VID_00003'

[2025-09-16 16:28:49] Verseny_ID filter mismatch
selected_vid='VID_00001', row=5, row_vid='VID_00003'

[2025-09-16 16:28:54] Verseny_ID filter mismatch
selected_vid='VID_00001', row=5, row_vid='VID_00003'

[2025-09-16 16:28:56] Verseny_ID filter mismatch
selected_vid='VID_00001', row=5, row_vid='VID_00003'

[2025-09-16 16:28:58] Verseny_ID filter mismatch
selected_vid='VID_00001', row=5, row_vid='VID_00003'

[2025-09-16 16:29:04] Verseny_ID filter mismatch
selected_vid='VID_00001', row=5, row_vid='VID_00003'

